<?xml version="1.0" encoding="UTF-8"?>
<testng-results ignored="0" total="1" passed="1" failed="0" skipped="0">
  <reporter-output>
  </reporter-output>
  <suite started-at="2020-08-05T08:16:29Z" name="Suite" finished-at="2020-08-05T08:17:26Z" duration-ms="56591">
    <groups>
    </groups>
    <test started-at="2020-08-05T08:16:29Z" name="Test" finished-at="2020-08-05T08:17:26Z" duration-ms="56591">
      <class name="testCases.AmazonScenario">
        <test-method is-config="true" signature="startReport()[pri:0, instance:testCases.AmazonScenario@1863d2fe]" started-at="2020-08-05T08:16:29Z" name="startReport" finished-at="2020-08-05T08:16:29Z" duration-ms="50" status="PASS">
          <reporter-output>
          </reporter-output>
        </test-method> <!-- startReport -->
        <test-method is-config="true" signature="launchBrowser()[pri:0, instance:testCases.AmazonScenario@1863d2fe]" started-at="2020-08-05T08:16:29Z" name="launchBrowser" finished-at="2020-08-05T08:16:37Z" duration-ms="7479" status="PASS">
          <reporter-output>
          </reporter-output>
        </test-method> <!-- launchBrowser -->
        <test-method is-config="true" signature="report()[pri:0, instance:testCases.AmazonScenario@1863d2fe]" started-at="2020-08-05T08:16:37Z" name="report" finished-at="2020-08-05T08:16:37Z" duration-ms="245" status="PASS">
          <reporter-output>
          </reporter-output>
        </test-method> <!-- report -->
        <test-method signature="testScenario1(java.lang.String)[pri:0, instance:testCases.AmazonScenario@1863d2fe]" started-at="2020-08-05T08:16:38Z" name="testScenario1" data-provider="AmazonData" finished-at="2020-08-05T08:17:26Z" duration-ms="47376" status="PASS">
          <params>
            <param index="0">
              <value>
                <![CDATA[Books]]>
              </value>
            </param>
          </params>
          <reporter-output>
          </reporter-output>
        </test-method> <!-- testScenario1 -->
        <test-method is-config="true" signature="stopReport()[pri:0, instance:testCases.AmazonScenario@1863d2fe]" started-at="2020-08-05T08:17:26Z" name="stopReport" finished-at="2020-08-05T08:17:26Z" duration-ms="4" status="PASS">
          <reporter-output>
          </reporter-output>
        </test-method> <!-- stopReport -->
      </class> <!-- testCases.AmazonScenario -->
    </test> <!-- Test -->
  </suite> <!-- Suite -->
</testng-results>
